[debug] [2025-07-17T18:54:46.762Z] ----------------------------------------------------------------------
[debug] [2025-07-17T18:54:46.764Z] Command:       /usr/bin/node /usr/bin/firebase deploy
[debug] [2025-07-17T18:54:46.765Z] CLI Version:   14.11.0
[debug] [2025-07-17T18:54:46.765Z] Platform:      linux
[debug] [2025-07-17T18:54:46.765Z] Node Version:  v24.2.0
[debug] [2025-07-17T18:54:46.765Z] Time:          Thu Jul 17 2025 15:54:46 GMT-0300 (Brasilia Standard Time)
[debug] [2025-07-17T18:54:46.766Z] ----------------------------------------------------------------------
[debug] 
[debug] [2025-07-17T18:54:46.982Z] > command requires scopes: ["email","openid","https://www.googleapis.com/auth/cloudplatformprojects.readonly","https://www.googleapis.com/auth/firebase","https://www.googleapis.com/auth/cloud-platform"]
[debug] [2025-07-17T18:54:46.982Z] > authorizing via signed-in user (rafael.belmonte@uni.minerva.edu)
[debug] [2025-07-17T18:54:46.983Z] [iam] checking project legacyquestionnaire-minerva for permissions ["datastore.indexes.create","datastore.indexes.delete","datastore.indexes.list","datastore.indexes.update","firebase.projects.get",null]
[debug] [2025-07-17T18:54:46.984Z] Checked if tokens are valid: true, expires at: 1752782013068
[debug] [2025-07-17T18:54:46.984Z] Checked if tokens are valid: true, expires at: 1752782013068
[debug] [2025-07-17T18:54:46.985Z] >>> [apiv2][query] POST https://cloudresourcemanager.googleapis.com/v1/projects/legacyquestionnaire-minerva:testIamPermissions [none]
[debug] [2025-07-17T18:54:46.985Z] >>> [apiv2][(partial)header] POST https://cloudresourcemanager.googleapis.com/v1/projects/legacyquestionnaire-minerva:testIamPermissions x-goog-quota-user=projects/legacyquestionnaire-minerva
[debug] [2025-07-17T18:54:46.985Z] >>> [apiv2][body] POST https://cloudresourcemanager.googleapis.com/v1/projects/legacyquestionnaire-minerva:testIamPermissions {"permissions":["datastore.indexes.create","datastore.indexes.delete","datastore.indexes.list","datastore.indexes.update","firebase.projects.get",null]}
[debug] [2025-07-17T18:54:47.870Z] <<< [apiv2][status] POST https://cloudresourcemanager.googleapis.com/v1/projects/legacyquestionnaire-minerva:testIamPermissions 200
[debug] [2025-07-17T18:54:47.870Z] <<< [apiv2][body] POST https://cloudresourcemanager.googleapis.com/v1/projects/legacyquestionnaire-minerva:testIamPermissions {"permissions":["datastore.indexes.create","datastore.indexes.delete","datastore.indexes.list","datastore.indexes.update","firebase.projects.get"]}
[debug] [2025-07-17T18:54:47.871Z] [iam] error while checking permissions, command may fail: Authorization failed. This account is missing the following required permissions on project legacyquestionnaire-minerva:

  
[info] 
[info] === Deploying to 'legacyquestionnaire-minerva'...
[info] 
[info] i  deploying firestore, apphosting 
[info] i  firestore: reading indexes from firestore.indexes.json... 
[info] i  cloud.firestore: checking firestore.rules for compilation errors... 
[debug] [2025-07-17T18:54:47.887Z] Checked if tokens are valid: true, expires at: 1752782013068
[debug] [2025-07-17T18:54:47.887Z] Checked if tokens are valid: true, expires at: 1752782013068
[debug] [2025-07-17T18:54:47.887Z] >>> [apiv2][query] POST https://firebaserules.googleapis.com/v1/projects/legacyquestionnaire-minerva:test [none]
[debug] [2025-07-17T18:54:47.887Z] >>> [apiv2][body] POST https://firebaserules.googleapis.com/v1/projects/legacyquestionnaire-minerva:test [omitted]
[debug] [2025-07-17T18:54:49.082Z] <<< [apiv2][status] POST https://firebaserules.googleapis.com/v1/projects/legacyquestionnaire-minerva:test 200
[debug] [2025-07-17T18:54:49.082Z] <<< [apiv2][body] POST https://firebaserules.googleapis.com/v1/projects/legacyquestionnaire-minerva:test {}
[info] ✔  cloud.firestore: rules file firestore.rules compiled successfully 
[debug] [2025-07-17T18:54:49.086Z] Checked if tokens are valid: true, expires at: 1752782013068
[debug] [2025-07-17T18:54:49.087Z] Checked if tokens are valid: true, expires at: 1752782013068
[debug] [2025-07-17T18:54:49.087Z] >>> [apiv2][query] GET https://serviceusage.googleapis.com/v1/projects/legacyquestionnaire-minerva/services/firebaseapphosting.googleapis.com [none]
[debug] [2025-07-17T18:54:49.087Z] >>> [apiv2][(partial)header] GET https://serviceusage.googleapis.com/v1/projects/legacyquestionnaire-minerva/services/firebaseapphosting.googleapis.com x-goog-quota-user=projects/legacyquestionnaire-minerva
[debug] [2025-07-17T18:54:50.135Z] <<< [apiv2][status] GET https://serviceusage.googleapis.com/v1/projects/legacyquestionnaire-minerva/services/firebaseapphosting.googleapis.com 200
[debug] [2025-07-17T18:54:50.135Z] <<< [apiv2][body] GET https://serviceusage.googleapis.com/v1/projects/legacyquestionnaire-minerva/services/firebaseapphosting.googleapis.com [omitted]
[debug] [2025-07-17T18:54:50.175Z] Checked if tokens are valid: true, expires at: 1752782013068
[debug] [2025-07-17T18:54:50.175Z] Checked if tokens are valid: true, expires at: 1752782013068
[debug] [2025-07-17T18:54:50.175Z] Checked if tokens are valid: true, expires at: 1752782013068
[debug] [2025-07-17T18:54:50.175Z] Checked if tokens are valid: true, expires at: 1752782013068
[debug] [2025-07-17T18:54:50.175Z] Checked if tokens are valid: true, expires at: 1752782013068
[debug] [2025-07-17T18:54:50.176Z] Checked if tokens are valid: true, expires at: 1752782013068
[debug] [2025-07-17T18:54:50.176Z] Checked if tokens are valid: true, expires at: 1752782013068
[debug] [2025-07-17T18:54:50.176Z] Checked if tokens are valid: true, expires at: 1752782013068
[debug] [2025-07-17T18:54:50.176Z] Checked if tokens are valid: true, expires at: 1752782013068
[debug] [2025-07-17T18:54:50.176Z] Checked if tokens are valid: true, expires at: 1752782013068
[debug] [2025-07-17T18:54:50.176Z] Checked if tokens are valid: true, expires at: 1752782013068
[debug] [2025-07-17T18:54:50.176Z] Checked if tokens are valid: true, expires at: 1752782013068
[debug] [2025-07-17T18:54:50.177Z] >>> [apiv2][query] GET https://serviceusage.googleapis.com/v1/projects/legacyquestionnaire-minerva/services/developerconnect.googleapis.com [none]
[debug] [2025-07-17T18:54:50.177Z] >>> [apiv2][(partial)header] GET https://serviceusage.googleapis.com/v1/projects/legacyquestionnaire-minerva/services/developerconnect.googleapis.com x-goog-quota-user=projects/legacyquestionnaire-minerva
[debug] [2025-07-17T18:54:50.180Z] >>> [apiv2][query] GET https://serviceusage.googleapis.com/v1/projects/legacyquestionnaire-minerva/services/cloudbuild.googleapis.com [none]
[debug] [2025-07-17T18:54:50.180Z] >>> [apiv2][(partial)header] GET https://serviceusage.googleapis.com/v1/projects/legacyquestionnaire-minerva/services/cloudbuild.googleapis.com x-goog-quota-user=projects/legacyquestionnaire-minerva
[debug] [2025-07-17T18:54:50.184Z] >>> [apiv2][query] GET https://serviceusage.googleapis.com/v1/projects/legacyquestionnaire-minerva/services/secretmanager.googleapis.com [none]
[debug] [2025-07-17T18:54:50.185Z] >>> [apiv2][(partial)header] GET https://serviceusage.googleapis.com/v1/projects/legacyquestionnaire-minerva/services/secretmanager.googleapis.com x-goog-quota-user=projects/legacyquestionnaire-minerva
[debug] [2025-07-17T18:54:50.188Z] >>> [apiv2][query] GET https://serviceusage.googleapis.com/v1/projects/legacyquestionnaire-minerva/services/run.googleapis.com [none]
[debug] [2025-07-17T18:54:50.188Z] >>> [apiv2][(partial)header] GET https://serviceusage.googleapis.com/v1/projects/legacyquestionnaire-minerva/services/run.googleapis.com x-goog-quota-user=projects/legacyquestionnaire-minerva
[debug] [2025-07-17T18:54:50.191Z] >>> [apiv2][query] GET https://serviceusage.googleapis.com/v1/projects/legacyquestionnaire-minerva/services/artifactregistry.googleapis.com [none]
[debug] [2025-07-17T18:54:50.191Z] >>> [apiv2][(partial)header] GET https://serviceusage.googleapis.com/v1/projects/legacyquestionnaire-minerva/services/artifactregistry.googleapis.com x-goog-quota-user=projects/legacyquestionnaire-minerva
[debug] [2025-07-17T18:54:50.194Z] >>> [apiv2][query] GET https://serviceusage.googleapis.com/v1/projects/legacyquestionnaire-minerva/services/iam.googleapis.com [none]
[debug] [2025-07-17T18:54:50.195Z] >>> [apiv2][(partial)header] GET https://serviceusage.googleapis.com/v1/projects/legacyquestionnaire-minerva/services/iam.googleapis.com x-goog-quota-user=projects/legacyquestionnaire-minerva
[debug] [2025-07-17T18:54:51.181Z] <<< [apiv2][status] GET https://serviceusage.googleapis.com/v1/projects/legacyquestionnaire-minerva/services/developerconnect.googleapis.com 200
[debug] [2025-07-17T18:54:51.181Z] <<< [apiv2][body] GET https://serviceusage.googleapis.com/v1/projects/legacyquestionnaire-minerva/services/developerconnect.googleapis.com [omitted]
[debug] [2025-07-17T18:54:51.273Z] <<< [apiv2][status] GET https://serviceusage.googleapis.com/v1/projects/legacyquestionnaire-minerva/services/secretmanager.googleapis.com 200
[debug] [2025-07-17T18:54:51.273Z] <<< [apiv2][body] GET https://serviceusage.googleapis.com/v1/projects/legacyquestionnaire-minerva/services/secretmanager.googleapis.com [omitted]
[debug] [2025-07-17T18:54:51.283Z] <<< [apiv2][status] GET https://serviceusage.googleapis.com/v1/projects/legacyquestionnaire-minerva/services/iam.googleapis.com 200
[debug] [2025-07-17T18:54:51.284Z] <<< [apiv2][body] GET https://serviceusage.googleapis.com/v1/projects/legacyquestionnaire-minerva/services/iam.googleapis.com [omitted]
[debug] [2025-07-17T18:54:51.289Z] <<< [apiv2][status] GET https://serviceusage.googleapis.com/v1/projects/legacyquestionnaire-minerva/services/cloudbuild.googleapis.com 200
[debug] [2025-07-17T18:54:51.290Z] <<< [apiv2][body] GET https://serviceusage.googleapis.com/v1/projects/legacyquestionnaire-minerva/services/cloudbuild.googleapis.com [omitted]
[debug] [2025-07-17T18:54:51.294Z] <<< [apiv2][status] GET https://serviceusage.googleapis.com/v1/projects/legacyquestionnaire-minerva/services/run.googleapis.com 200
[debug] [2025-07-17T18:54:51.295Z] <<< [apiv2][body] GET https://serviceusage.googleapis.com/v1/projects/legacyquestionnaire-minerva/services/run.googleapis.com [omitted]
[debug] [2025-07-17T18:54:51.305Z] <<< [apiv2][status] GET https://serviceusage.googleapis.com/v1/projects/legacyquestionnaire-minerva/services/artifactregistry.googleapis.com 200
[debug] [2025-07-17T18:54:51.306Z] <<< [apiv2][body] GET https://serviceusage.googleapis.com/v1/projects/legacyquestionnaire-minerva/services/artifactregistry.googleapis.com [omitted]
[debug] [2025-07-17T18:54:51.309Z] Checked if tokens are valid: true, expires at: 1752782013068
[debug] [2025-07-17T18:54:51.309Z] Checked if tokens are valid: true, expires at: 1752782013068
[debug] [2025-07-17T18:54:51.310Z] >>> [apiv2][query] POST https://iam.googleapis.com/v1/projects/legacyquestionnaire-minerva/serviceAccounts/firebase-app-hosting-compute@legacyquestionnaire-minerva.iam.gserviceaccount.com:testIamPermissions [none]
[debug] [2025-07-17T18:54:51.310Z] >>> [apiv2][(partial)header] POST https://iam.googleapis.com/v1/projects/legacyquestionnaire-minerva/serviceAccounts/firebase-app-hosting-compute@legacyquestionnaire-minerva.iam.gserviceaccount.com:testIamPermissions x-goog-quota-user=projects/legacyquestionnaire-minerva
[debug] [2025-07-17T18:54:51.310Z] >>> [apiv2][body] POST https://iam.googleapis.com/v1/projects/legacyquestionnaire-minerva/serviceAccounts/firebase-app-hosting-compute@legacyquestionnaire-minerva.iam.gserviceaccount.com:testIamPermissions {"permissions":["iam.serviceAccounts.actAs"]}
[debug] [2025-07-17T18:54:52.298Z] <<< [apiv2][status] POST https://iam.googleapis.com/v1/projects/legacyquestionnaire-minerva/serviceAccounts/firebase-app-hosting-compute@legacyquestionnaire-minerva.iam.gserviceaccount.com:testIamPermissions 200
[debug] [2025-07-17T18:54:52.298Z] <<< [apiv2][body] POST https://iam.googleapis.com/v1/projects/legacyquestionnaire-minerva/serviceAccounts/firebase-app-hosting-compute@legacyquestionnaire-minerva.iam.gserviceaccount.com:testIamPermissions {"permissions":["iam.serviceAccounts.actAs"]}
[debug] [2025-07-17T18:54:52.299Z] Checked if tokens are valid: true, expires at: 1752782013068
[debug] [2025-07-17T18:54:52.299Z] Checked if tokens are valid: true, expires at: 1752782013068
[debug] [2025-07-17T18:54:52.300Z] >>> [apiv2][query] POST https://iam.googleapis.com/v1/projects/legacyquestionnaire-minerva/serviceAccounts [none]
[debug] [2025-07-17T18:54:52.300Z] >>> [apiv2][body] POST https://iam.googleapis.com/v1/projects/legacyquestionnaire-minerva/serviceAccounts {"accountId":"firebase-app-hosting-compute","serviceAccount":{"displayName":"Firebase App Hosting compute service account","description":"Default service account used to run builds and deploys for Firebase App Hosting"}}
[debug] [2025-07-17T18:54:52.765Z] <<< [apiv2][status] POST https://iam.googleapis.com/v1/projects/legacyquestionnaire-minerva/serviceAccounts 409
[debug] [2025-07-17T18:54:52.765Z] <<< [apiv2][body] POST https://iam.googleapis.com/v1/projects/legacyquestionnaire-minerva/serviceAccounts [omitted]
[debug] [2025-07-17T18:54:52.767Z] Checked if tokens are valid: true, expires at: 1752782013068
[debug] [2025-07-17T18:54:52.767Z] Checked if tokens are valid: true, expires at: 1752782013068
[debug] [2025-07-17T18:54:52.767Z] >>> [apiv2][query] POST https://cloudresourcemanager.googleapis.com/v1/projects/legacyquestionnaire-minerva:getIamPolicy [none]
[debug] [2025-07-17T18:54:53.030Z] <<< [apiv2][status] POST https://cloudresourcemanager.googleapis.com/v1/projects/legacyquestionnaire-minerva:getIamPolicy 200
[debug] [2025-07-17T18:54:53.030Z] <<< [apiv2][body] POST https://cloudresourcemanager.googleapis.com/v1/projects/legacyquestionnaire-minerva:getIamPolicy {"version":1,"etag":"BwY5qWM+NQ0=","bindings":[{"role":"roles/artifactregistry.serviceAgent","members":["serviceAccount:service-419708047516@gcp-sa-artifactregistry.iam.gserviceaccount.com"]},{"role":"roles/cloudbuild.builds.builder","members":["serviceAccount:419708047516@cloudbuild.gserviceaccount.com"]},{"role":"roles/cloudbuild.serviceAgent","members":["serviceAccount:service-419708047516@gcp-sa-cloudbuild.iam.gserviceaccount.com"]},{"role":"roles/cloudfunctions.developer","members":["serviceAccount:github-action-996974640@legacyquestionnaire-minerva.iam.gserviceaccount.com"]},{"role":"roles/containerregistry.ServiceAgent","members":["serviceAccount:service-419708047516@containerregistry.iam.gserviceaccount.com"]},{"role":"roles/developerconnect.readTokenAccessor","members":["serviceAccount:firebase-app-hosting-compute@legacyquestionnaire-minerva.iam.gserviceaccount.com"]},{"role":"roles/developerconnect.serviceAgent","members":["serviceAccount:service-419708047516@gcp-sa-devconnect.iam.gserviceaccount.com"]},{"role":"roles/editor","members":["serviceAccount:419708047516-compute@developer.gserviceaccount.com"]},{"role":"roles/firebase.managementServiceAgent","members":["serviceAccount:service-419708047516@gcp-sa-firebase.iam.gserviceaccount.com"]},{"role":"roles/firebase.sdkAdminServiceAgent","members":["serviceAccount:firebase-adminsdk-fbsvc@legacyquestionnaire-minerva.iam.gserviceaccount.com","serviceAccount:firebase-app-hosting-compute@legacyquestionnaire-minerva.iam.gserviceaccount.com"]},{"role":"roles/firebaseapphosting.computeRunner","members":["serviceAccount:firebase-app-hosting-compute@legacyquestionnaire-minerva.iam.gserviceaccount.com"]},{"role":"roles/firebaseapphosting.serviceAgent","members":["serviceAccount:service-419708047516@gcp-sa-firebaseapphosting.iam.gserviceaccount.com"]},{"role":"roles/firebaseauth.admin","members":["serviceAccount:firebase-adminsdk-fbsvc@legacyquestionnaire-minerva.iam.gserviceaccount.com","serviceAccount:github-action-996974640@legacyquestionnaire-minerva.iam.gserviceaccount.com"]},{"role":"roles/firebasehosting.admin","members":["serviceAccount:github-action-996974640@legacyquestionnaire-minerva.iam.gserviceaccount.com"]},{"role":"roles/firebaserules.system","members":["serviceAccount:service-419708047516@firebase-rules.iam.gserviceaccount.com"]},{"role":"roles/firebasestorage.serviceAgent","members":["serviceAccount:service-419708047516@gcp-sa-firebasestorage.iam.gserviceaccount.com"]},{"role":"roles/firestore.serviceAgent","members":["serviceAccount:service-419708047516@gcp-sa-firestore.iam.gserviceaccount.com"]},{"role":"roles/iam.serviceAccountTokenCreator","members":["serviceAccount:firebase-adminsdk-fbsvc@legacyquestionnaire-minerva.iam.gserviceaccount.com"]},{"role":"roles/owner","members":["group:legacies@minerva.edu","user:branden@minerva.edu","user:rafael.belmonte@uni.minerva.edu"]},{"role":"roles/run.serviceAgent","members":["serviceAccount:service-419708047516@serverless-robot-prod.iam.gserviceaccount.com"]},{"role":"roles/run.viewer","members":["serviceAccount:github-action-996974640@legacyquestionnaire-minerva.iam.gserviceaccount.com"]},{"role":"roles/secretmanager.admin_withcond_836b057b86d139cfbcd2","members":["serviceAccount:service-419708047516@gcp-sa-devconnect.iam.gserviceaccount.com"]},{"role":"roles/serviceusage.apiKeysViewer","members":["serviceAccount:github-action-996974640@legacyquestionnaire-minerva.iam.gserviceaccount.com"]},{"role":"roles/serviceusage.serviceUsageConsumer","members":["serviceAccount:github-action-996974640@legacyquestionnaire-minerva.iam.gserviceaccount.com"]},{"role":"roles/storage.admin","members":["serviceAccount:firebase-adminsdk-fbsvc@legacyquestionnaire-minerva.iam.gserviceaccount.com"]},{"role":"roles/storage.objectViewer","members":["serviceAccount:firebase-app-hosting-compute@legacyquestionnaire-minerva.iam.gserviceaccount.com"]}]}
[debug] [2025-07-17T18:54:53.032Z] Checked if tokens are valid: true, expires at: 1752782013068
[debug] [2025-07-17T18:54:53.032Z] Checked if tokens are valid: true, expires at: 1752782013068
[debug] [2025-07-17T18:54:53.032Z] >>> [apiv2][query] POST https://cloudresourcemanager.googleapis.com/v1/projects/legacyquestionnaire-minerva:setIamPolicy [none]
[debug] [2025-07-17T18:54:53.032Z] >>> [apiv2][body] POST https://cloudresourcemanager.googleapis.com/v1/projects/legacyquestionnaire-minerva:setIamPolicy {"policy":{"version":1,"etag":"BwY5qWM+NQ0=","bindings":[{"role":"roles/artifactregistry.serviceAgent","members":["serviceAccount:service-419708047516@gcp-sa-artifactregistry.iam.gserviceaccount.com"]},{"role":"roles/cloudbuild.builds.builder","members":["serviceAccount:419708047516@cloudbuild.gserviceaccount.com"]},{"role":"roles/cloudbuild.serviceAgent","members":["serviceAccount:service-419708047516@gcp-sa-cloudbuild.iam.gserviceaccount.com"]},{"role":"roles/cloudfunctions.developer","members":["serviceAccount:github-action-996974640@legacyquestionnaire-minerva.iam.gserviceaccount.com"]},{"role":"roles/containerregistry.ServiceAgent","members":["serviceAccount:service-419708047516@containerregistry.iam.gserviceaccount.com"]},{"role":"roles/developerconnect.readTokenAccessor","members":["serviceAccount:firebase-app-hosting-compute@legacyquestionnaire-minerva.iam.gserviceaccount.com"]},{"role":"roles/developerconnect.serviceAgent","members":["serviceAccount:service-419708047516@gcp-sa-devconnect.iam.gserviceaccount.com"]},{"role":"roles/editor","members":["serviceAccount:419708047516-compute@developer.gserviceaccount.com"]},{"role":"roles/firebase.managementServiceAgent","members":["serviceAccount:service-419708047516@gcp-sa-firebase.iam.gserviceaccount.com"]},{"role":"roles/firebase.sdkAdminServiceAgent","members":["serviceAccount:firebase-adminsdk-fbsvc@legacyquestionnaire-minerva.iam.gserviceaccount.com","serviceAccount:firebase-app-hosting-compute@legacyquestionnaire-minerva.iam.gserviceaccount.com"]},{"role":"roles/firebaseapphosting.computeRunner","members":["serviceAccount:firebase-app-hosting-compute@legacyquestionnaire-minerva.iam.gserviceaccount.com"]},{"role":"roles/firebaseapphosting.serviceAgent","members":["serviceAccount:service-419708047516@gcp-sa-firebaseapphosting.iam.gserviceaccount.com"]},{"role":"roles/firebaseauth.admin","members":["serviceAccount:firebase-adminsdk-fbsvc@legacyquestionnaire-minerva.iam.gserviceaccount.com","serviceAccount:github-action-996974640@legacyquestionnaire-minerva.iam.gserviceaccount.com"]},{"role":"roles/firebasehosting.admin","members":["serviceAccount:github-action-996974640@legacyquestionnaire-minerva.iam.gserviceaccount.com"]},{"role":"roles/firebaserules.system","members":["serviceAccount:service-419708047516@firebase-rules.iam.gserviceaccount.com"]},{"role":"roles/firebasestorage.serviceAgent","members":["serviceAccount:service-419708047516@gcp-sa-firebasestorage.iam.gserviceaccount.com"]},{"role":"roles/firestore.serviceAgent","members":["serviceAccount:service-419708047516@gcp-sa-firestore.iam.gserviceaccount.com"]},{"role":"roles/iam.serviceAccountTokenCreator","members":["serviceAccount:firebase-adminsdk-fbsvc@legacyquestionnaire-minerva.iam.gserviceaccount.com"]},{"role":"roles/owner","members":["group:legacies@minerva.edu","user:branden@minerva.edu","user:rafael.belmonte@uni.minerva.edu"]},{"role":"roles/run.serviceAgent","members":["serviceAccount:service-419708047516@serverless-robot-prod.iam.gserviceaccount.com"]},{"role":"roles/run.viewer","members":["serviceAccount:github-action-996974640@legacyquestionnaire-minerva.iam.gserviceaccount.com"]},{"role":"roles/secretmanager.admin_withcond_836b057b86d139cfbcd2","members":["serviceAccount:service-419708047516@gcp-sa-devconnect.iam.gserviceaccount.com"]},{"role":"roles/serviceusage.apiKeysViewer","members":["serviceAccount:github-action-996974640@legacyquestionnaire-minerva.iam.gserviceaccount.com"]},{"role":"roles/serviceusage.serviceUsageConsumer","members":["serviceAccount:github-action-996974640@legacyquestionnaire-minerva.iam.gserviceaccount.com"]},{"role":"roles/storage.admin","members":["serviceAccount:firebase-adminsdk-fbsvc@legacyquestionnaire-minerva.iam.gserviceaccount.com"]},{"role":"roles/storage.objectViewer","members":["serviceAccount:firebase-app-hosting-compute@legacyquestionnaire-minerva.iam.gserviceaccount.com"]}]},"updateMask":"bindings"}
[debug] [2025-07-17T18:54:54.443Z] <<< [apiv2][status] POST https://cloudresourcemanager.googleapis.com/v1/projects/legacyquestionnaire-minerva:setIamPolicy 200
[debug] [2025-07-17T18:54:54.444Z] <<< [apiv2][body] POST https://cloudresourcemanager.googleapis.com/v1/projects/legacyquestionnaire-minerva:setIamPolicy {"version":1,"etag":"BwY6JIuGa7c=","bindings":[{"role":"roles/artifactregistry.serviceAgent","members":["serviceAccount:service-419708047516@gcp-sa-artifactregistry.iam.gserviceaccount.com"]},{"role":"roles/cloudbuild.builds.builder","members":["serviceAccount:419708047516@cloudbuild.gserviceaccount.com"]},{"role":"roles/cloudbuild.serviceAgent","members":["serviceAccount:service-419708047516@gcp-sa-cloudbuild.iam.gserviceaccount.com"]},{"role":"roles/cloudfunctions.developer","members":["serviceAccount:github-action-996974640@legacyquestionnaire-minerva.iam.gserviceaccount.com"]},{"role":"roles/containerregistry.ServiceAgent","members":["serviceAccount:service-419708047516@containerregistry.iam.gserviceaccount.com"]},{"role":"roles/developerconnect.readTokenAccessor","members":["serviceAccount:firebase-app-hosting-compute@legacyquestionnaire-minerva.iam.gserviceaccount.com"]},{"role":"roles/developerconnect.serviceAgent","members":["serviceAccount:service-419708047516@gcp-sa-devconnect.iam.gserviceaccount.com"]},{"role":"roles/editor","members":["serviceAccount:419708047516-compute@developer.gserviceaccount.com"]},{"role":"roles/firebase.managementServiceAgent","members":["serviceAccount:service-419708047516@gcp-sa-firebase.iam.gserviceaccount.com"]},{"role":"roles/firebase.sdkAdminServiceAgent","members":["serviceAccount:firebase-adminsdk-fbsvc@legacyquestionnaire-minerva.iam.gserviceaccount.com","serviceAccount:firebase-app-hosting-compute@legacyquestionnaire-minerva.iam.gserviceaccount.com"]},{"role":"roles/firebaseapphosting.computeRunner","members":["serviceAccount:firebase-app-hosting-compute@legacyquestionnaire-minerva.iam.gserviceaccount.com"]},{"role":"roles/firebaseapphosting.serviceAgent","members":["serviceAccount:service-419708047516@gcp-sa-firebaseapphosting.iam.gserviceaccount.com"]},{"role":"roles/firebaseauth.admin","members":["serviceAccount:firebase-adminsdk-fbsvc@legacyquestionnaire-minerva.iam.gserviceaccount.com","serviceAccount:github-action-996974640@legacyquestionnaire-minerva.iam.gserviceaccount.com"]},{"role":"roles/firebasehosting.admin","members":["serviceAccount:github-action-996974640@legacyquestionnaire-minerva.iam.gserviceaccount.com"]},{"role":"roles/firebaserules.system","members":["serviceAccount:service-419708047516@firebase-rules.iam.gserviceaccount.com"]},{"role":"roles/firebasestorage.serviceAgent","members":["serviceAccount:service-419708047516@gcp-sa-firebasestorage.iam.gserviceaccount.com"]},{"role":"roles/firestore.serviceAgent","members":["serviceAccount:service-419708047516@gcp-sa-firestore.iam.gserviceaccount.com"]},{"role":"roles/iam.serviceAccountTokenCreator","members":["serviceAccount:firebase-adminsdk-fbsvc@legacyquestionnaire-minerva.iam.gserviceaccount.com"]},{"role":"roles/owner","members":["group:legacies@minerva.edu","user:branden@minerva.edu","user:rafael.belmonte@uni.minerva.edu"]},{"role":"roles/run.serviceAgent","members":["serviceAccount:service-419708047516@serverless-robot-prod.iam.gserviceaccount.com"]},{"role":"roles/run.viewer","members":["serviceAccount:github-action-996974640@legacyquestionnaire-minerva.iam.gserviceaccount.com"]},{"role":"roles/secretmanager.admin_withcond_836b057b86d139cfbcd2","members":["serviceAccount:service-419708047516@gcp-sa-devconnect.iam.gserviceaccount.com"]},{"role":"roles/serviceusage.apiKeysViewer","members":["serviceAccount:github-action-996974640@legacyquestionnaire-minerva.iam.gserviceaccount.com"]},{"role":"roles/serviceusage.serviceUsageConsumer","members":["serviceAccount:github-action-996974640@legacyquestionnaire-minerva.iam.gserviceaccount.com"]},{"role":"roles/storage.admin","members":["serviceAccount:firebase-adminsdk-fbsvc@legacyquestionnaire-minerva.iam.gserviceaccount.com"]},{"role":"roles/storage.objectViewer","members":["serviceAccount:firebase-app-hosting-compute@legacyquestionnaire-minerva.iam.gserviceaccount.com"]}]}
[debug] [2025-07-17T18:54:54.445Z] Checked if tokens are valid: true, expires at: 1752782013068
[debug] [2025-07-17T18:54:54.445Z] Checked if tokens are valid: true, expires at: 1752782013068
[debug] [2025-07-17T18:54:54.446Z] >>> [apiv2][query] GET https://firebaseapphosting.googleapis.com/v1beta/projects/legacyquestionnaire-minerva/locations/-/backends 
[debug] [2025-07-17T18:54:55.866Z] <<< [apiv2][status] GET https://firebaseapphosting.googleapis.com/v1beta/projects/legacyquestionnaire-minerva/locations/-/backends 200
[debug] [2025-07-17T18:54:55.866Z] <<< [apiv2][body] GET https://firebaseapphosting.googleapis.com/v1beta/projects/legacyquestionnaire-minerva/locations/-/backends {"backends":[{"name":"projects/legacyquestionnaire-minerva/locations/us-central1/backends/legacyquestionnaire","createTime":"2025-07-11T15:35:01.780104091Z","updateTime":"2025-07-17T01:37:07.811352Z","uri":"legacyquestionnaire--legacyquestionnaire-minerva.us-central1.hosted.app","managedResources":[{"runService":{"service":"projects/419708047516/locations/us-central1/services/legacyquestionnaire"}}],"codebase":{"repository":"projects/legacyquestionnaire-minerva/locations/us-central1/connections/apphosting-github-conn-18r88l4/gitRepositoryLinks/PEKKIMORI-legacyquestionnaire","rootDirectory":"/"},"uid":"6b0925d8-dfaa-4ed7-bd22-47cddc73936e","etag":"bwJmdXxoyXXhIBFZJz37s-O7y94gHJDCTdzPk11jsuc","reconciling":false,"servingLocality":"GLOBAL_ACCESS","serviceAccount":"firebase-app-hosting-compute@legacyquestionnaire-minerva.iam.gserviceaccount.com","appId":"1:419708047516:web:05ab0de1c5a1c4ae5c5d59"}]}
[info] i  apphosting: Found backend(s) legacyquestionnaire 
[debug] [2025-07-17T18:54:55.867Z] Checked if tokens are valid: true, expires at: 1752782013068
[debug] [2025-07-17T18:54:55.867Z] Checked if tokens are valid: true, expires at: 1752782013068
[debug] [2025-07-17T18:54:55.868Z] >>> [apiv2][query] GET https://developerconnect.googleapis.com/v1/projects/legacyquestionnaire-minerva/locations/us-central1/connections/apphosting-github-conn-18r88l4/gitRepositoryLinks/PEKKIMORI-legacyquestionnaire [none]
[debug] [2025-07-17T18:54:57.068Z] <<< [apiv2][status] GET https://developerconnect.googleapis.com/v1/projects/legacyquestionnaire-minerva/locations/us-central1/connections/apphosting-github-conn-18r88l4/gitRepositoryLinks/PEKKIMORI-legacyquestionnaire 200
[debug] [2025-07-17T18:54:57.068Z] <<< [apiv2][body] GET https://developerconnect.googleapis.com/v1/projects/legacyquestionnaire-minerva/locations/us-central1/connections/apphosting-github-conn-18r88l4/gitRepositoryLinks/PEKKIMORI-legacyquestionnaire {"name":"projects/legacyquestionnaire-minerva/locations/us-central1/connections/apphosting-github-conn-18r88l4/gitRepositoryLinks/PEKKIMORI-legacyquestionnaire","cloneUri":"https://github.com/PEKKIMORI/legacyquestionnaire.git","createTime":"2025-07-11T15:33:26.784775189Z","updateTime":"2025-07-11T15:33:27.286982467Z"}
[info] ✔  Wrote /home/pekkimori/Documents/GitHub/legacyquestionnaire/firebase.json 
[info] i  apphosting: On future invocations of "firebase deploy", your local source will not be deployed to legacyquestionnaire. You can edit this setting in your firebase.json at any time. 
[warn] ⚠  apphosting: Skipping deployment of backend(s) legacyquestionnaire. 
[debug] [2025-07-17T18:55:08.918Z] Checked if tokens are valid: true, expires at: 1752782013068
[debug] [2025-07-17T18:55:08.918Z] Checked if tokens are valid: true, expires at: 1752782013068
[debug] [2025-07-17T18:55:08.918Z] >>> [apiv2][query] GET https://firestore.googleapis.com/v1/projects/legacyquestionnaire-minerva/databases/(default) [none]
[debug] [2025-07-17T18:55:09.969Z] <<< [apiv2][status] GET https://firestore.googleapis.com/v1/projects/legacyquestionnaire-minerva/databases/(default) 200
[debug] [2025-07-17T18:55:09.969Z] <<< [apiv2][body] GET https://firestore.googleapis.com/v1/projects/legacyquestionnaire-minerva/databases/(default) {"name":"projects/legacyquestionnaire-minerva/databases/(default)","uid":"a0812cf8-8c40-4dac-bd3d-fca47ab1a4c7","createTime":"2025-06-06T02:33:59.413106Z","updateTime":"2025-06-06T02:33:59.413106Z","locationId":"nam5","type":"FIRESTORE_NATIVE","concurrencyMode":"PESSIMISTIC","versionRetentionPeriod":"3600s","earliestVersionTime":"2025-07-17T17:55:09.847487Z","appEngineIntegrationMode":"DISABLED","keyPrefix":"s","pointInTimeRecoveryEnablement":"POINT_IN_TIME_RECOVERY_DISABLED","deleteProtectionState":"DELETE_PROTECTION_DISABLED","databaseEdition":"STANDARD","freeTier":true,"etag":"ILyQzOPIxI4DMJiRooTj240D"}
[debug] [2025-07-17T18:55:09.971Z] Checked if tokens are valid: true, expires at: 1752782013068
[debug] [2025-07-17T18:55:09.971Z] Checked if tokens are valid: true, expires at: 1752782013068
[debug] [2025-07-17T18:55:09.971Z] >>> [apiv2][query] GET https://firebaserules.googleapis.com/v1/projects/legacyquestionnaire-minerva/releases pageSize=10&pageToken=
[debug] [2025-07-17T18:55:10.998Z] <<< [apiv2][status] GET https://firebaserules.googleapis.com/v1/projects/legacyquestionnaire-minerva/releases 200
[debug] [2025-07-17T18:55:10.998Z] <<< [apiv2][body] GET https://firebaserules.googleapis.com/v1/projects/legacyquestionnaire-minerva/releases {"releases":[{"name":"projects/legacyquestionnaire-minerva/releases/cloud.firestore","rulesetName":"projects/legacyquestionnaire-minerva/rulesets/cd8cbe7a-ea16-4b2e-b6f8-5d3c5788e375","createTime":"2025-06-06T02:34:17.392544Z","updateTime":"2025-07-16T23:43:58.614856Z"},{"name":"projects/legacyquestionnaire-minerva/releases/firebase.storage/legacyquestionnaire-minerva.firebasestorage.app","rulesetName":"projects/legacyquestionnaire-minerva/rulesets/304f17cc-07f9-481d-b6a1-49b47e180a7c","createTime":"2025-07-11T15:59:02.683978Z","updateTime":"2025-07-11T15:59:02.683978Z"}]}
[debug] [2025-07-17T18:55:11.026Z] Checked if tokens are valid: true, expires at: 1752782013068
[debug] [2025-07-17T18:55:11.026Z] Checked if tokens are valid: true, expires at: 1752782013068
[debug] [2025-07-17T18:55:11.027Z] >>> [apiv2][query] GET https://firebaserules.googleapis.com/v1/projects/legacyquestionnaire-minerva/rulesets/cd8cbe7a-ea16-4b2e-b6f8-5d3c5788e375 [none]
[debug] [2025-07-17T18:55:12.019Z] <<< [apiv2][status] GET https://firebaserules.googleapis.com/v1/projects/legacyquestionnaire-minerva/rulesets/cd8cbe7a-ea16-4b2e-b6f8-5d3c5788e375 200
[debug] [2025-07-17T18:55:12.021Z] <<< [apiv2][body] GET https://firebaserules.googleapis.com/v1/projects/legacyquestionnaire-minerva/rulesets/cd8cbe7a-ea16-4b2e-b6f8-5d3c5788e375 [omitted]
[info] i  firestore: uploading rules firestore.rules... 
[debug] [2025-07-17T18:55:12.025Z] Checked if tokens are valid: true, expires at: 1752782013068
[debug] [2025-07-17T18:55:12.025Z] Checked if tokens are valid: true, expires at: 1752782013068
[debug] [2025-07-17T18:55:12.025Z] >>> [apiv2][query] POST https://firebaserules.googleapis.com/v1/projects/legacyquestionnaire-minerva/rulesets [none]
[debug] [2025-07-17T18:55:12.026Z] >>> [apiv2][body] POST https://firebaserules.googleapis.com/v1/projects/legacyquestionnaire-minerva/rulesets [omitted]
[debug] [2025-07-17T18:55:13.049Z] <<< [apiv2][status] POST https://firebaserules.googleapis.com/v1/projects/legacyquestionnaire-minerva/rulesets 200
[debug] [2025-07-17T18:55:13.050Z] <<< [apiv2][body] POST https://firebaserules.googleapis.com/v1/projects/legacyquestionnaire-minerva/rulesets {"name":"projects/legacyquestionnaire-minerva/rulesets/a3373cd5-b000-4aa0-9f36-2f531772b336","source":{"files":[{"content":"rules_version = '2';\nservice cloud.firestore {\n  match /databases/{database}/documents {\n    // Allow users to read/write only their own responses\n    match /responses/{responseId} {\n      allow read, write: if request.auth != null && \n                        request.auth.uid == resource.data.userId;\n      allow create: if request.auth != null && \n                   request.auth.uid == request.resource.data.userId;\n    }\n    \n    // Deny all other access\n    match /{document=**} {\n      allow read, write: if false;\n    }\n  }\n}","name":"firestore.rules"}]},"createTime":"2025-07-17T18:55:12.889055Z","metadata":{"services":["cloud.firestore"]}}
[debug] [2025-07-17T18:55:13.050Z] [rules] created ruleset projects/legacyquestionnaire-minerva/rulesets/a3373cd5-b000-4aa0-9f36-2f531772b336
[info] i  firestore: deploying indexes... 
[debug] [2025-07-17T18:55:13.053Z] Checked if tokens are valid: true, expires at: 1752782013068
[debug] [2025-07-17T18:55:13.053Z] Checked if tokens are valid: true, expires at: 1752782013068
[debug] [2025-07-17T18:55:13.053Z] >>> [apiv2][query] GET https://firestore.googleapis.com/v1/projects/legacyquestionnaire-minerva/databases/(default)/collectionGroups/-/indexes [none]
[debug] [2025-07-17T18:55:13.326Z] <<< [apiv2][status] GET https://firestore.googleapis.com/v1/projects/legacyquestionnaire-minerva/databases/(default)/collectionGroups/-/indexes 200
[debug] [2025-07-17T18:55:13.327Z] <<< [apiv2][body] GET https://firestore.googleapis.com/v1/projects/legacyquestionnaire-minerva/databases/(default)/collectionGroups/-/indexes {"indexes":[{"name":"projects/legacyquestionnaire-minerva/databases/(default)/collectionGroups/responses/indexes/CICAgOjXh4EK","queryScope":"COLLECTION","fields":[{"fieldPath":"userId","order":"ASCENDING"},{"fieldPath":"startedAt","order":"DESCENDING"},{"fieldPath":"__name__","order":"DESCENDING"}],"state":"READY","density":"SPARSE_ALL"}]}
[debug] [2025-07-17T18:55:13.327Z] Checked if tokens are valid: true, expires at: 1752782013068
[debug] [2025-07-17T18:55:13.328Z] Checked if tokens are valid: true, expires at: 1752782013068
[debug] [2025-07-17T18:55:13.329Z] >>> [apiv2][query] GET https://firestore.googleapis.com/v1/projects/legacyquestionnaire-minerva/databases/(default)/collectionGroups/-/fields?filter=indexConfig.usesAncestorConfig=false OR ttlConfig:* [none]
[debug] [2025-07-17T18:55:13.553Z] <<< [apiv2][status] GET https://firestore.googleapis.com/v1/projects/legacyquestionnaire-minerva/databases/(default)/collectionGroups/-/fields?filter=indexConfig.usesAncestorConfig=false OR ttlConfig:* 200
[debug] [2025-07-17T18:55:13.553Z] <<< [apiv2][body] GET https://firestore.googleapis.com/v1/projects/legacyquestionnaire-minerva/databases/(default)/collectionGroups/-/fields?filter=indexConfig.usesAncestorConfig=false OR ttlConfig:* {"fields":[{"name":"projects/legacyquestionnaire-minerva/databases/(default)/collectionGroups/__default__/fields/*","indexConfig":{"indexes":[{"queryScope":"COLLECTION","fields":[{"fieldPath":"*","order":"ASCENDING"}],"state":"READY"},{"queryScope":"COLLECTION","fields":[{"fieldPath":"*","order":"DESCENDING"}],"state":"READY"},{"queryScope":"COLLECTION","fields":[{"fieldPath":"*","arrayConfig":"CONTAINS"}],"state":"READY"}]}}]}
[info] i  firestore: The following indexes are defined in your project but are not present in your firestore indexes file:
	(responses) -- (userId,ASCENDING) (startedAt,DESCENDING)  
[debug] [2025-07-17T18:55:29.995Z] ExitPromptError: User force closed the prompt with SIGINT
    at Interface.sigint (/usr/lib/node_modules/firebase-tools/node_modules/@inquirer/core/dist/commonjs/lib/create-prompt.js:101:37)
    at Interface.emit (node:events:507:28)
    at Interface.emit (node:domain:489:12)
    at [_ttyWrite] [as _ttyWrite] (node:internal/readline/interface:1315:18)
    at ReadStream.onkeypress (node:internal/readline/interface:284:20)
    at ReadStream.emit (node:events:519:35)
    at ReadStream.emit (node:domain:489:12)
    at emitKeys (node:internal/readline/utils:371:14)
    at emitKeys.next (<anonymous>)
    at ReadStream.onData (node:internal/readline/emitKeypressEvents:64:36)
[error] 
[error] Error: An unexpected error has occurred.
